<?xml version="1.0" encoding="UTF-8" ?>
<testsuite tests="2" failures="1" name="com.apiautomation.testrunner.TestRunner" time="2.735" errors="0" skipped="0">
  <properties>
[...]
</properties>
  <testcase classname="test get api" name="validate get user api" time="1.859"/>
  <testcase classname="test get api" name="validate post user api" time="0.876">
    <failure message="Success Code expected:&lt;200&gt; but was:&lt;201&gt;" type="java.lang.AssertionError">java.lang.AssertionError: Success Code expected:&lt;200&gt; but was:&lt;201&gt;
	at org.junit.Assert.fail(Assert.java:89)
	at org.junit.Assert.failNotEquals(Assert.java:835)
	at org.junit.Assert.assertEquals(Assert.java:647)
	at com.apiautomation.testcase.HappyPath.testStatusCode(HappyPath.java:21)
	at com.apiautomation.step.UserApiStep.verify_status_code_is(UserApiStep.java:20)
	at ✽.verify status code is 200(file:///D:/SeleniumRest/ApiAutomation/src/test/resources/feature/UserApi.feature:9)
</failure>
  </testcase>
</testsuite>